<?xml version="1.0" encoding="UTF-8"?>
<!-- Generated by org.testng.reporters.JUnitXMLReporter -->
<testsuite ignored="0" hostname="LAPTOP-JR17UHLN" failures="0" tests="3" name="Command line test" time="83.113" errors="0" timestamp="2022-09-16T16:27:53 IST">
  <testcase classname="Test_classes.orangeHRM_Test" name="login" time="13.835"/>
  <testcase classname="Test_classes.orangeHRM_Test" name="myInfo" time="4.157"/>
  <testcase classname="Test_classes.orangeHRM_Test" name="information" time="39.509"/>
</testsuite> <!-- Command line test -->
