<?xml version="1.0" encoding="UTF-8"?>
<testng-results ignored="0" total="3" passed="3" failed="0" skipped="0">
  <reporter-output>
  </reporter-output>
  <suite started-at="2022-09-16T16:26:30 IST" name="Test_classes.orangeHRM_Test" finished-at="2022-09-16T16:27:53 IST" duration-ms="83113">
    <groups>
    </groups>
    <test started-at="2022-09-16T16:26:30 IST" name="Command line test" finished-at="2022-09-16T16:27:53 IST" duration-ms="83113">
      <class name="Test_classes.orangeHRM_Test">
        <test-method is-config="true" signature="setup()[pri:0, instance:Test_classes.orangeHRM_Test@27c6e487]" started-at="2022-09-16T16:26:30 IST" name="setup" finished-at="2022-09-16T16:26:56 IST" duration-ms="25392" status="PASS">
          <reporter-output>
          </reporter-output>
        </test-method> <!-- setup -->
        <test-method signature="login()[pri:1, instance:Test_classes.orangeHRM_Test@27c6e487]" started-at="2022-09-16T16:26:56 IST" name="login" finished-at="2022-09-16T16:27:10 IST" duration-ms="13835" status="PASS">
          <reporter-output>
          </reporter-output>
        </test-method> <!-- login -->
        <test-method signature="myInfo()[pri:2, instance:Test_classes.orangeHRM_Test@27c6e487]" started-at="2022-09-16T16:27:10 IST" name="myInfo" finished-at="2022-09-16T16:27:14 IST" duration-ms="4157" status="PASS">
          <reporter-output>
          </reporter-output>
        </test-method> <!-- myInfo -->
        <test-method signature="information()[pri:3, instance:Test_classes.orangeHRM_Test@27c6e487]" started-at="2022-09-16T16:27:14 IST" name="information" finished-at="2022-09-16T16:27:53 IST" duration-ms="39509" status="PASS">
          <reporter-output>
          </reporter-output>
        </test-method> <!-- information -->
        <test-method is-config="true" signature="teardown()[pri:0, instance:Test_classes.orangeHRM_Test@27c6e487]" started-at="2022-09-16T16:27:53 IST" name="teardown" finished-at="2022-09-16T16:27:53 IST" duration-ms="183" status="PASS">
          <reporter-output>
          </reporter-output>
        </test-method> <!-- teardown -->
      </class> <!-- Test_classes.orangeHRM_Test -->
    </test> <!-- Command line test -->
  </suite> <!-- Test_classes.orangeHRM_Test -->
</testng-results>
